<?xml version="1.0" encoding="UTF-8"?>
<!-- Generated by org.testng.reporters.JUnitReportReporter -->
<testsuite hostname="DESKTOP-389CR00" failures="0" tests="2" name="org.example.TryoutTestNGXml" time="6.733" errors="0" timestamp="2021-09-23T09:30:31 IST" skipped="0">
  <testcase classname="org.example.TryoutTestNGXml" name="should_NavigateTOTheGivenWebPage" time="1.776"/>
  <system-out/>
  <testcase classname="org.example.TryoutTestNGXml" name="should_NavigateAndSendKeys" time="4.957"/>
  <system-out/>
</testsuite> <!-- org.example.TryoutTestNGXml -->
