<?xml version="1.0" encoding="UTF-8"?>
<!-- Generated by org.testng.reporters.JUnitReportReporter -->
<testsuite hostname="DESKTOP-389CR00" failures="0" tests="2" name="org.example.TheDataProvider1" time="10.089" errors="0" timestamp="2021-09-23T21:06:04 IST" skipped="0">
  <testcase classname="org.example.TheDataProvider1" name="testData" time="5.566"/>
  <system-out/>
  <testcase classname="org.example.TheDataProvider1" name="testData" time="4.523"/>
  <system-out/>
</testsuite> <!-- org.example.TheDataProvider1 -->
