<?xml version="1.0" encoding="UTF-8"?>
<!-- Generated by org.testng.reporters.JUnitReportReporter -->
<testsuite hostname="DESKTOP-389CR00" failures="0" tests="3" name="org.example.ParallelTests" time="7.156" errors="0" timestamp="2021-09-22T23:32:59 IST" skipped="0">
  <testcase classname="org.example.ParallelTests" name="test3" time="0.000"/>
  <system-out/>
  <testcase classname="org.example.ParallelTests" name="test1" time="4.100"/>
  <system-out/>
  <testcase classname="org.example.ParallelTests" name="test2" time="3.056"/>
  <system-out/>
</testsuite> <!-- org.example.ParallelTests -->
