<?xml version="1.0" encoding="UTF-8"?>
<!-- Generated by org.testng.reporters.JUnitReportReporter -->
<testsuite hostname="DESKTOP-389CR00" failures="0" tests="5" name="org.example.TryTestNG" time="23.286" errors="0" timestamp="2021-09-22T23:32:59 IST" skipped="0">
  <testcase classname="org.example.TryTestNG" name="should_ReturnUrlofTheAbovesiteAgain" time="4.163"/>
  <system-out/>
  <testcase classname="org.example.TryTestNG" name="should_ReturnUrlofTheAbovesite" time="4.126"/>
  <system-out/>
  <testcase classname="org.example.TryTestNG" name="verifyHompageTittle" time="4.237"/>
  <system-out/>
  <testcase classname="org.example.TryTestNG" name="verifyCurrentTittle" time="4.955"/>
  <system-out/>
  <testcase classname="org.example.TryTestNG" name="useNavigate" time="5.805"/>
  <system-out/>
</testsuite> <!-- org.example.TryTestNG -->
